<?xml version="1.0" encoding="UTF-8"?>
<testng-results skipped="0" failed="0" ignored="0" total="1" passed="1">
  <reporter-output>
  </reporter-output>
  <suite name="Default suite" duration-ms="15208" started-at="2019-08-13T12:00:19Z" finished-at="2019-08-13T12:00:35Z">
    <groups>
    </groups>
    <test name="Default test" duration-ms="15208" started-at="2019-08-13T12:00:19Z" finished-at="2019-08-13T12:00:35Z">
      <class name="com.redbackConnect.testCases.TC_VerifyConferenceCreation_001">
        <test-method status="PASS" signature="setupChrome()[pri:0, instance:com.redbackConnect.testCases.TC_VerifyConferenceCreation_001@464bee09]" name="setupChrome" is-config="true" duration-ms="3816" started-at="2019-08-13T12:00:19Z" finished-at="2019-08-13T12:00:23Z">
          <reporter-output>
          </reporter-output>
        </test-method> <!-- setupChrome -->
        <test-method status="PASS" signature="VerifyConferenceCreation()[pri:0, instance:com.redbackConnect.testCases.TC_VerifyConferenceCreation_001@464bee09]" name="VerifyConferenceCreation" duration-ms="11355" started-at="2019-08-13T12:00:23Z" finished-at="2019-08-13T12:00:35Z">
          <reporter-output>
          </reporter-output>
        </test-method> <!-- VerifyConferenceCreation -->
      </class> <!-- com.redbackConnect.testCases.TC_VerifyConferenceCreation_001 -->
    </test> <!-- Default test -->
  </suite> <!-- Default suite -->
</testng-results>
